Configuring http2-1.6.4...
Building http2-1.6.4...
Preprocessing library http2-1.6.4...
[ 1 of 29] Compiling Network.HTTP2.Priority.PSQ ( Network/HTTP2/Priority/PSQ.hs, dist/build/Network/HTTP2/Priority/PSQ.o )
[ 2 of 29] Compiling Network.HPACK.Huffman.Params ( Network/HPACK/Huffman/Params.hs, dist/build/Network/HPACK/Huffman/Params.o )
[ 3 of 29] Compiling Network.HPACK.Huffman.ByteString ( Network/HPACK/Huffman/ByteString.hs, dist/build/Network/HPACK/Huffman/ByteString.o )
[ 4 of 29] Compiling Network.HPACK.Huffman.Bit ( Network/HPACK/Huffman/Bit.hs, dist/build/Network/HPACK/Huffman/Bit.o )
[ 5 of 29] Compiling Network.HPACK.Huffman.Table ( Network/HPACK/Huffman/Table.hs, dist/build/Network/HPACK/Huffman/Table.o )
[ 6 of 29] Compiling Network.HPACK.Huffman.Tree ( Network/HPACK/Huffman/Tree.hs, dist/build/Network/HPACK/Huffman/Tree.o )
[ 7 of 29] Compiling Network.HPACK.Builder ( Network/HPACK/Builder.hs, dist/build/Network/HPACK/Builder.o )
[ 8 of 29] Compiling Network.HTTP2.Priority.Queue ( Network/HTTP2/Priority/Queue.hs, dist/build/Network/HTTP2/Priority/Queue.o )
[ 9 of 29] Compiling Network.HTTP2.Types ( Network/HTTP2/Types.hs, dist/build/Network/HTTP2/Types.o )
[10 of 29] Compiling Network.HTTP2.Priority ( Network/HTTP2/Priority.hs, dist/build/Network/HTTP2/Priority.o )
[11 of 29] Compiling Network.HTTP2.Encode ( Network/HTTP2/Encode.hs, dist/build/Network/HTTP2/Encode.o )
[12 of 29] Compiling Network.HTTP2.Decode ( Network/HTTP2/Decode.hs, dist/build/Network/HTTP2/Decode.o )
[13 of 29] Compiling Network.HTTP2    ( Network/HTTP2.hs, dist/build/Network/HTTP2.o )
[14 of 29] Compiling Network.HPACK.Token ( Network/HPACK/Token.hs, dist/build/Network/HPACK/Token.o )
[15 of 29] Compiling Network.HPACK.Types ( Network/HPACK/Types.hs, dist/build/Network/HPACK/Types.o )
[16 of 29] Compiling Network.HPACK.Buffer ( Network/HPACK/Buffer.hs, dist/build/Network/HPACK/Buffer.o )
[17 of 29] Compiling Network.HPACK.HeaderBlock.Integer ( Network/HPACK/HeaderBlock/Integer.hs, dist/build/Network/HPACK/HeaderBlock/Integer.o )
[18 of 29] Compiling Network.HPACK.Huffman.Decode ( Network/HPACK/Huffman/Decode.hs, dist/build/Network/HPACK/Huffman/Decode.o )
[19 of 29] Compiling Network.HPACK.Huffman.Encode ( Network/HPACK/Huffman/Encode.hs, dist/build/Network/HPACK/Huffman/Encode.o )
[20 of 29] Compiling Network.HPACK.Huffman ( Network/HPACK/Huffman.hs, dist/build/Network/HPACK/Huffman.o )
[21 of 29] Compiling Network.HPACK.Table.Entry ( Network/HPACK/Table/Entry.hs, dist/build/Network/HPACK/Table/Entry.o )
[22 of 29] Compiling Network.HPACK.Table.Static ( Network/HPACK/Table/Static.hs, dist/build/Network/HPACK/Table/Static.o )
[23 of 29] Compiling Network.HPACK.Table.RevIndex ( Network/HPACK/Table/RevIndex.hs, dist/build/Network/HPACK/Table/RevIndex.o )
[24 of 29] Compiling Network.HPACK.Table.Dynamic ( Network/HPACK/Table/Dynamic.hs, dist/build/Network/HPACK/Table/Dynamic.o )
[25 of 29] Compiling Network.HPACK.Table ( Network/HPACK/Table.hs, dist/build/Network/HPACK/Table.o )
[26 of 29] Compiling Network.HPACK.HeaderBlock.Decode ( Network/HPACK/HeaderBlock/Decode.hs, dist/build/Network/HPACK/HeaderBlock/Decode.o )
[27 of 29] Compiling Network.HPACK.HeaderBlock.Encode ( Network/HPACK/HeaderBlock/Encode.hs, dist/build/Network/HPACK/HeaderBlock/Encode.o )
[28 of 29] Compiling Network.HPACK.HeaderBlock ( Network/HPACK/HeaderBlock.hs, dist/build/Network/HPACK/HeaderBlock.o )
[29 of 29] Compiling Network.HPACK    ( Network/HPACK.hs, dist/build/Network/HPACK.o )
In-place registering http2-1.6.4...
Creating package registration file:
/tmp/pkgConf-http2-1.62027907669968338082.4
Installing library in
/app/.cabal/lib/x86_64-linux-ghc-7.10.3/http2-1.6.4-HTlOwH2ZbkZ128gi3xAbco
Registering http2-1.6.4...
