Configuring simple-sendfile-0.2.28...
Building simple-sendfile-0.2.28...
Preprocessing library simple-sendfile-0.2.28...
[1 of 4] Compiling Network.Sendfile.Types ( Network/Sendfile/Types.hs, dist/build/Network/Sendfile/Types.o )
[2 of 4] Compiling Network.Sendfile.Linux ( dist/build/Network/Sendfile/Linux.hs, dist/build/Network/Sendfile/Linux.o )

Network/Sendfile/Linux.hsc:13:1: Warning:
    The import of ‘Control.Applicative’ is redundant
      except perhaps to import instances from ‘Control.Applicative’
    To import instances alone, use: import Control.Applicative()

Network/Sendfile/Linux.hsc:18:1: Warning:
    The import of ‘Data.Int’ is redundant
      except perhaps to import instances from ‘Data.Int’
    To import instances alone, use: import Data.Int()
[3 of 4] Compiling System.Linux.Sendfile ( System/Linux/Sendfile.hs, dist/build/System/Linux/Sendfile.o )
[4 of 4] Compiling Network.Sendfile ( Network/Sendfile.hs, dist/build/Network/Sendfile.o )
In-place registering simple-sendfile-0.2.28...
Creating package registration file:
/tmp/pkgConf-simple-sendfile-0.2221558440270744729.28
Installing library in
/app/.cabal/lib/x86_64-linux-ghc-7.10.3/simple-sendfile-0.2.28-6unAKdJGw8Y4nEWvDRnRz4
Registering simple-sendfile-0.2.28...
