Configuring vault-0.3.1.2...
Building vault-0.3.1.2...
Preprocessing library vault-0.3.1.2...
[1 of 5] Compiling Data.Unique.Really ( src/Data/Unique/Really.hs, dist/build/Data/Unique/Really.o )

src/Data/Unique/Really.hs:6:1: Warning:
    The import of ‘Control.Applicative’ is redundant
      except perhaps to import instances from ‘Control.Applicative’
    To import instances alone, use: import Control.Applicative()
[2 of 5] Compiling Data.Vault.ST.Strict ( src/Data/Vault/ST/Strict.hs, dist/build/Data/Vault/ST/Strict.o )

src/Data/Vault/ST/ST.h:15:1: Warning:
    The import of ‘Data.Monoid’ is redundant
      except perhaps to import instances from ‘Data.Monoid’
    To import instances alone, use: import Data.Monoid()

src/Data/Vault/ST/ST.h:18:1: Warning:
    The import of ‘Control.Applicative’ is redundant
      except perhaps to import instances from ‘Control.Applicative’
    To import instances alone, use: import Control.Applicative()
[3 of 5] Compiling Data.Vault.Strict ( src/Data/Vault/Strict.hs, dist/build/Data/Vault/Strict.o )
[4 of 5] Compiling Data.Vault.ST.Lazy ( src/Data/Vault/ST/Lazy.hs, dist/build/Data/Vault/ST/Lazy.o )

src/Data/Vault/ST/ST.h:15:1: Warning:
    The import of ‘Data.Monoid’ is redundant
      except perhaps to import instances from ‘Data.Monoid’
    To import instances alone, use: import Data.Monoid()

src/Data/Vault/ST/ST.h:18:1: Warning:
    The import of ‘Control.Applicative’ is redundant
      except perhaps to import instances from ‘Control.Applicative’
    To import instances alone, use: import Control.Applicative()
[5 of 5] Compiling Data.Vault.Lazy  ( src/Data/Vault/Lazy.hs, dist/build/Data/Vault/Lazy.o )
In-place registering vault-0.3.1.2...
Creating package registration file:
/tmp/pkgConf-vault-0.3.121033187761597322404.2
Installing library in
/app/.cabal/lib/x86_64-linux-ghc-7.10.3/vault-0.3.1.2-2aEQe3zAvX0AZVmdLESB2D
Registering vault-0.3.1.2...
